2022.03.02 00:27:25 Success: Order is accepted. 
Order: array (
  'countryCode' => 'CO',
  'createdAt' => '2022-03-02 00:27:24',
  'ip' => '181.52.217.232',
  'landingUrl' => 'http://coa.suganorm.com/?c=ru',
  'name' => '',
  'offerId' => '3473',
  'phone' => '',
  'referrer' => NULL,
  'streamCode' => 'fym9',
  'sub1' => '',
  'sub2' => '',
  'sub3' => '',
  'sub4' => '',
  'userAgent' => 'Mozilla/5.0 (Windows NT 6.1; WOW64) AppleWebKit/537.36 (KHTML, like Gecko) Chrome/51.0.2704.103 Safari/537.36',
)
Response: array (
  'status' => 'error',
  'code' => 400,
  'message' => 'Заказ некорректен',
  'errors' => 
  array (
    'name' => 
    array (
      0 => 'Необходимо заполнить поле «Name».',
    ),
    'phone' => 
    array (
      0 => 'Необходимо заполнить поле «Phone».',
    ),
  ),
)
#0 {main}2022.03.02 00:27:25 Success: Order is accepted. 
Order: array (
  'countryCode' => 'CO',
  'createdAt' => '2022-03-02 00:27:25',
  'ip' => '181.52.217.232',
  'landingUrl' => 'http://coa.suganorm.com/?c=ru',
  'name' => '',
  'offerId' => '3473',
  'phone' => '',
  'referrer' => NULL,
  'streamCode' => 'fym9',
  'sub1' => '',
  'sub2' => '',
  'sub3' => '',
  'sub4' => '',
  'userAgent' => 'Mozilla/5.0 (Windows NT 6.1; WOW64) AppleWebKit/537.36 (KHTML, like Gecko) Chrome/51.0.2704.103 Safari/537.36',
)
Response: array (
  'status' => 'error',
  'code' => 400,
  'message' => 'Заказ некорректен',
  'errors' => 
  array (
    'name' => 
    array (
      0 => 'Необходимо заполнить поле «Name».',
    ),
    'phone' => 
    array (
      0 => 'Необходимо заполнить поле «Phone».',
    ),
  ),
)
#0 {main}2022.03.02 00:27:26 Success: Order is accepted. 
Order: array (
  'countryCode' => 'CO',
  'createdAt' => '2022-03-02 00:27:25',
  'ip' => '181.52.217.232',
  'landingUrl' => 'http://coa.suganorm.com/?c=ru',
  'name' => '',
  'offerId' => '3473',
  'phone' => '',
  'referrer' => NULL,
  'streamCode' => 'fym9',
  'sub1' => '',
  'sub2' => '',
  'sub3' => '',
  'sub4' => '',
  'userAgent' => 'Mozilla/5.0 (Windows NT 6.1; WOW64) AppleWebKit/537.36 (KHTML, like Gecko) Chrome/51.0.2704.103 Safari/537.36',
)
Response: array (
  'status' => 'error',
  'code' => 400,
  'message' => 'Заказ некорректен',
  'errors' => 
  array (
    'name' => 
    array (
      0 => 'Необходимо заполнить поле «Name».',
    ),
    'phone' => 
    array (
      0 => 'Необходимо заполнить поле «Phone».',
    ),
  ),
)
#0 {main}2022.03.02 00:27:28 Success: Order is accepted. 
Order: array (
  'countryCode' => 'CO',
  'createdAt' => '2022-03-02 00:27:28',
  'ip' => '181.52.217.232',
  'landingUrl' => 'http://coa.suganorm.com/?c=ru',
  'name' => '',
  'offerId' => '3473',
  'phone' => '',
  'referrer' => NULL,
  'streamCode' => 'fym9',
  'sub1' => '',
  'sub2' => '',
  'sub3' => '',
  'sub4' => '',
  'userAgent' => 'WhatsApp/2.22.4.74 A',
)
Response: array (
  'status' => 'error',
  'code' => 400,
  'message' => 'Заказ некорректен',
  'errors' => 
  array (
    'name' => 
    array (
      0 => 'Необходимо заполнить поле «Name».',
    ),
    'phone' => 
    array (
      0 => 'Необходимо заполнить поле «Phone».',
    ),
  ),
)
#0 {main}2022.03.09 15:46:03 Error: Empty response for order. array (
  'countryCode' => 'CO',
  'createdAt' => '2022-03-09 15:45:23',
  'ip' => '191.95.20.239',
  'landingUrl' => 'http://coa.suganorm.com/?c=ru',
  'name' => 'José Triana dominguez',
  'offerId' => '3473',
  'phone' => '+57 (300) 810-8429',
  'referrer' => 'http://sotheavy.com/Suga?px=1138398973629561&sub2=owner',
  'streamCode' => 'fym9',
  'sub1' => '2e0rfip32if',
  'sub2' => 'owner',
  'sub3' => '',
  'sub4' => '',
  'userAgent' => 'Mozilla/5.0 (Linux; Android 11; ZTE Blade A51 Build/RP1A.201005.001; wv) AppleWebKit/537.36 (KHTML, like Gecko) Version/4.0 Chrome/98.0.4758.101 Mobile Safari/537.36[FBAN/EMA;FBLC/es_ES;FBAV/292.0.0.9.109;]',
)
#0 {main}2022.03.09 15:46:06 Error: Empty response for order. array (
  'countryCode' => 'CO',
  'createdAt' => '2022-03-09 15:45:26',
  'ip' => '191.95.20.239',
  'landingUrl' => 'http://coa.suganorm.com/?c=ru',
  'name' => 'José Triana dominguez',
  'offerId' => '3473',
  'phone' => '+57 (300) 810-8429',
  'referrer' => 'http://sotheavy.com/Suga?px=1138398973629561&sub2=owner',
  'streamCode' => 'fym9',
  'sub1' => '2e0rfip32if',
  'sub2' => 'owner',
  'sub3' => '',
  'sub4' => '',
  'userAgent' => 'Mozilla/5.0 (Linux; Android 11; ZTE Blade A51 Build/RP1A.201005.001; wv) AppleWebKit/537.36 (KHTML, like Gecko) Version/4.0 Chrome/98.0.4758.101 Mobile Safari/537.36[FBAN/EMA;FBLC/es_ES;FBAV/292.0.0.9.109;]',
)
#0 {main}2022.03.09 19:58:58 Error: Empty response for order. array (
  'countryCode' => 'CO',
  'createdAt' => '2022-03-09 19:58:18',
  'ip' => '181.53.113.90',
  'landingUrl' => 'http://coa.suganorm.com/?c=ru',
  'name' => 'Leidy solano',
  'offerId' => '3473',
  'phone' => '+57 (322) 244-7457',
  'referrer' => 'http://sotheavy.com/Suga?px=1138398973629561&sub2=owner&fbclid=IwAR3nj7IplWs4sxZUN9mJ67qM2PV0cGCrmgJgMo0KLXkpjpkdvbxdaWOOBp8',
  'streamCode' => 'fym9',
  'sub1' => '17f2b9o337n',
  'sub2' => 'owner',
  'sub3' => '',
  'sub4' => '',
  'userAgent' => 'Mozilla/5.0 (Linux; Android 11; SM-A217M Build/RP1A.200720.012; wv) AppleWebKit/537.36 (KHTML, like Gecko) Version/4.0 Chrome/98.0.4758.101 Mobile Safari/537.36 [FB_IAB/FB4A;FBAV/356.0.0.28.112;]',
)
#0 {main}2022.04.19 16:49:50 Success: Order is accepted. 
Order: array (
  'countryCode' => 'CO',
  'createdAt' => '2022-04-19 16:49:50',
  'ip' => '191.156.61.168',
  'landingUrl' => 'http://coa.suganorm.com/?c=ru',
  'name' => '',
  'offerId' => '3473',
  'phone' => '',
  'referrer' => NULL,
  'streamCode' => 'fym9',
  'sub1' => '',
  'sub2' => '',
  'sub3' => '',
  'sub4' => '',
  'userAgent' => 'Mozilla/5.0 (Windows NT 10.0; Win64; x64) AppleWebKit/537.36 (KHTML, like Gecko) Chrome/71.0.3557.0 Safari/537.36',
)
Response: array (
  'status' => 'error',
  'code' => 400,
  'message' => 'Заказ некорректен',
  'errors' => 
  array (
    'name' => 
    array (
      0 => 'Необходимо заполнить поле «Name».',
    ),
    'phone' => 
    array (
      0 => 'Необходимо заполнить поле «Phone».',
    ),
  ),
)
#0 {main}2022.04.19 16:49:51 Success: Order is accepted. 
Order: array (
  'countryCode' => 'CO',
  'createdAt' => '2022-04-19 16:49:51',
  'ip' => '191.156.61.37',
  'landingUrl' => 'http://coa.suganorm.com/?c=ru',
  'name' => '',
  'offerId' => '3473',
  'phone' => '',
  'referrer' => NULL,
  'streamCode' => 'fym9',
  'sub1' => '',
  'sub2' => '',
  'sub3' => '',
  'sub4' => '',
  'userAgent' => 'Mozilla/5.0 (Windows NT 10.0; Win64; x64) AppleWebKit/537.36 (KHTML, like Gecko) Chrome/71.0.3557.0 Safari/537.36',
)
Response: array (
  'status' => 'error',
  'code' => 400,
  'message' => 'Заказ некорректен',
  'errors' => 
  array (
    'name' => 
    array (
      0 => 'Необходимо заполнить поле «Name».',
    ),
    'phone' => 
    array (
      0 => 'Необходимо заполнить поле «Phone».',
    ),
  ),
)
#0 {main}2022.04.28 22:10:34 Success: Order is accepted. 
Order: array (
  'countryCode' => 'CO',
  'createdAt' => '2022-04-28 22:10:34',
  'ip' => '177.255.161.189',
  'landingUrl' => 'http://coa.suganorm.com/?c=ru',
  'name' => '',
  'offerId' => '3473',
  'phone' => '',
  'referrer' => NULL,
  'streamCode' => 'fym9',
  'sub1' => '',
  'sub2' => '',
  'sub3' => '',
  'sub4' => '',
  'userAgent' => 'Mozilla/5.0 (Linux; Android 8.1.0; SAMSUNG SM-J415G) AppleWebKit/537.36 (KHTML, like Gecko) SamsungBrowser/16.2 Chrome/92.0.4515.166 Mobile Safari/537.36',
)
Response: array (
  'status' => 'error',
  'code' => 400,
  'message' => 'Заказ некорректен',
  'errors' => 
  array (
    'name' => 
    array (
      0 => 'Необходимо заполнить поле «Name».',
    ),
    'phone' => 
    array (
      0 => 'Необходимо заполнить поле «Phone».',
    ),
  ),
)
#0 {main}2022.04.28 22:10:48 Success: Order is accepted. 
Order: array (
  'countryCode' => 'CO',
  'createdAt' => '2022-04-28 22:10:48',
  'ip' => '177.255.161.189',
  'landingUrl' => 'http://coa.suganorm.com/?c=ru',
  'name' => '',
  'offerId' => '3473',
  'phone' => '',
  'referrer' => NULL,
  'streamCode' => 'fym9',
  'sub1' => '',
  'sub2' => '',
  'sub3' => '',
  'sub4' => '',
  'userAgent' => 'Mozilla/5.0 (Linux; Android 8.1.0; SAMSUNG SM-J415G) AppleWebKit/537.36 (KHTML, like Gecko) SamsungBrowser/16.2 Chrome/92.0.4515.166 Mobile Safari/537.36',
)
Response: array (
  'status' => 'error',
  'code' => 400,
  'message' => 'Заказ некорректен',
  'errors' => 
  array (
    'name' => 
    array (
      0 => 'Необходимо заполнить поле «Name».',
    ),
    'phone' => 
    array (
      0 => 'Необходимо заполнить поле «Phone».',
    ),
  ),
)
#0 {main}2022.05.06 08:24:26 Success: Order is accepted. 
Order: array (
  'countryCode' => 'CO',
  'createdAt' => '2022-05-06 08:24:26',
  'ip' => '190.90.85.2',
  'landingUrl' => 'http://coa.suganorm.com/?c=ru',
  'name' => '',
  'offerId' => '3473',
  'phone' => '',
  'referrer' => NULL,
  'streamCode' => 'fym9',
  'sub1' => '',
  'sub2' => '',
  'sub3' => '',
  'sub4' => '',
  'userAgent' => 'Mozilla/5.0 (Linux; Android 8.0.0; PRA-LX3) AppleWebKit/537.36 (KHTML, like Gecko) Chrome/100.0.4896.127 Mobile Safari/537.36',
)
Response: array (
  'status' => 'error',
  'code' => 400,
  'message' => 'Заказ некорректен',
  'errors' => 
  array (
    'name' => 
    array (
      0 => 'Необходимо заполнить поле «Name».',
    ),
    'phone' => 
    array (
      0 => 'Необходимо заполнить поле «Phone».',
    ),
  ),
)
#0 {main}2022.05.06 08:24:57 Success: Order is accepted. 
Order: array (
  'countryCode' => 'CO',
  'createdAt' => '2022-05-06 08:24:56',
  'ip' => '173.252.107.116',
  'landingUrl' => 'http://coa.suganorm.com/?c=ru',
  'name' => '',
  'offerId' => '3473',
  'phone' => '',
  'referrer' => NULL,
  'streamCode' => 'fym9',
  'sub1' => '',
  'sub2' => '',
  'sub3' => '',
  'sub4' => '',
  'userAgent' => 'facebookexternalhit/1.1 (+http://www.facebook.com/externalhit_uatext.php)',
)
Response: array (
  'status' => 'error',
  'code' => 400,
  'message' => 'Заказ некорректен',
  'errors' => 
  array (
    'name' => 
    array (
      0 => 'Необходимо заполнить поле «Name».',
    ),
    'phone' => 
    array (
      0 => 'Необходимо заполнить поле «Phone».',
    ),
  ),
)
#0 {main}2022.05.06 08:24:57 Success: Order is accepted. 
Order: array (
  'countryCode' => 'CO',
  'createdAt' => '2022-05-06 08:24:57',
  'ip' => '173.252.107.22',
  'landingUrl' => 'http://coa.suganorm.com/?c=ru',
  'name' => '',
  'offerId' => '3473',
  'phone' => '',
  'referrer' => NULL,
  'streamCode' => 'fym9',
  'sub1' => '',
  'sub2' => '',
  'sub3' => '',
  'sub4' => '',
  'userAgent' => 'facebookexternalhit/1.1 (+http://www.facebook.com/externalhit_uatext.php)',
)
Response: array (
  'status' => 'error',
  'code' => 400,
  'message' => 'Заказ некорректен',
  'errors' => 
  array (
    'name' => 
    array (
      0 => 'Необходимо заполнить поле «Name».',
    ),
    'phone' => 
    array (
      0 => 'Необходимо заполнить поле «Phone».',
    ),
  ),
)
#0 {main}2022.05.06 08:25:34 Success: Order is accepted. 
Order: array (
  'countryCode' => 'CO',
  'createdAt' => '2022-05-06 08:25:34',
  'ip' => '190.90.85.2',
  'landingUrl' => 'http://coa.suganorm.com/?c=ru',
  'name' => '',
  'offerId' => '3473',
  'phone' => '',
  'referrer' => NULL,
  'streamCode' => 'fym9',
  'sub1' => '',
  'sub2' => '',
  'sub3' => '',
  'sub4' => '',
  'userAgent' => 'Mozilla/5.0 (Linux; Android 8.0.0; PRA-LX3) AppleWebKit/537.36 (KHTML, like Gecko) Chrome/100.0.4896.127 Mobile Safari/537.36',
)
Response: array (
  'status' => 'error',
  'code' => 400,
  'message' => 'Заказ некорректен',
  'errors' => 
  array (
    'name' => 
    array (
      0 => 'Необходимо заполнить поле «Name».',
    ),
    'phone' => 
    array (
      0 => 'Необходимо заполнить поле «Phone».',
    ),
  ),
)
#0 {main}2022.05.06 17:26:34 Success: Order is accepted. 
Order: array (
  'countryCode' => 'CO',
  'createdAt' => '2022-05-06 17:26:34',
  'ip' => '173.252.107.117',
  'landingUrl' => 'http://coa.suganorm.com/?c=ru',
  'name' => '',
  'offerId' => '3473',
  'phone' => '',
  'referrer' => NULL,
  'streamCode' => 'fym9',
  'sub1' => '',
  'sub2' => '',
  'sub3' => '',
  'sub4' => '',
  'userAgent' => 'facebookexternalhit/1.1 (+http://www.facebook.com/externalhit_uatext.php)',
)
Response: array (
  'status' => 'error',
  'code' => 400,
  'message' => 'Заказ некорректен',
  'errors' => 
  array (
    'name' => 
    array (
      0 => 'Необходимо заполнить поле «Name».',
    ),
    'phone' => 
    array (
      0 => 'Необходимо заполнить поле «Phone».',
    ),
  ),
)
#0 {main}2022.05.06 17:26:35 Success: Order is accepted. 
Order: array (
  'countryCode' => 'CO',
  'createdAt' => '2022-05-06 17:26:35',
  'ip' => '173.252.107.117',
  'landingUrl' => 'http://coa.suganorm.com/?c=ru',
  'name' => '',
  'offerId' => '3473',
  'phone' => '',
  'referrer' => NULL,
  'streamCode' => 'fym9',
  'sub1' => '',
  'sub2' => '',
  'sub3' => '',
  'sub4' => '',
  'userAgent' => 'facebookexternalhit/1.1 (+http://www.facebook.com/externalhit_uatext.php)',
)
Response: array (
  'status' => 'error',
  'code' => 400,
  'message' => 'Заказ некорректен',
  'errors' => 
  array (
    'name' => 
    array (
      0 => 'Необходимо заполнить поле «Name».',
    ),
    'phone' => 
    array (
      0 => 'Необходимо заполнить поле «Phone».',
    ),
  ),
)
#0 {main}2022.05.06 19:08:26 Success: Order is accepted. 
Order: array (
  'countryCode' => 'CO',
  'createdAt' => '2022-05-06 19:08:25',
  'ip' => '173.252.95.3',
  'landingUrl' => 'http://coa.suganorm.com/?c=ru',
  'name' => '',
  'offerId' => '3473',
  'phone' => '',
  'referrer' => NULL,
  'streamCode' => 'fym9',
  'sub1' => '',
  'sub2' => '',
  'sub3' => '',
  'sub4' => '',
  'userAgent' => 'facebookexternalhit/1.1 (+http://www.facebook.com/externalhit_uatext.php)',
)
Response: array (
  'status' => 'error',
  'code' => 400,
  'message' => 'Заказ некорректен',
  'errors' => 
  array (
    'name' => 
    array (
      0 => 'Необходимо заполнить поле «Name».',
    ),
    'phone' => 
    array (
      0 => 'Необходимо заполнить поле «Phone».',
    ),
  ),
)
#0 {main}2022.05.06 19:08:26 Success: Order is accepted. 
Order: array (
  'countryCode' => 'CO',
  'createdAt' => '2022-05-06 19:08:26',
  'ip' => '173.252.95.120',
  'landingUrl' => 'http://coa.suganorm.com/?c=ru',
  'name' => '',
  'offerId' => '3473',
  'phone' => '',
  'referrer' => NULL,
  'streamCode' => 'fym9',
  'sub1' => '',
  'sub2' => '',
  'sub3' => '',
  'sub4' => '',
  'userAgent' => 'facebookexternalhit/1.1 (+http://www.facebook.com/externalhit_uatext.php)',
)
Response: array (
  'status' => 'error',
  'code' => 400,
  'message' => 'Заказ некорректен',
  'errors' => 
  array (
    'name' => 
    array (
      0 => 'Необходимо заполнить поле «Name».',
    ),
    'phone' => 
    array (
      0 => 'Необходимо заполнить поле «Phone».',
    ),
  ),
)
#0 {main}2022.05.21 00:52:32 Success: Order is accepted. 
Order: array (
  'countryCode' => 'CO',
  'createdAt' => '2022-05-21 00:52:32',
  'ip' => '173.252.107.3',
  'landingUrl' => 'http://coa.suganorm.com/?c=ru',
  'name' => '',
  'offerId' => '3473',
  'phone' => '',
  'referrer' => NULL,
  'streamCode' => 'fym9',
  'sub1' => '',
  'sub2' => '',
  'sub3' => '',
  'sub4' => '',
  'userAgent' => 'facebookexternalhit/1.1 (+http://www.facebook.com/externalhit_uatext.php)',
)
Response: array (
  'status' => 'error',
  'code' => 400,
  'message' => 'Заказ некорректен',
  'errors' => 
  array (
    'name' => 
    array (
      0 => 'Необходимо заполнить поле «Name».',
    ),
    'phone' => 
    array (
      0 => 'Необходимо заполнить поле «Phone».',
    ),
  ),
)
#0 {main}2022.05.21 00:52:33 Success: Order is accepted. 
Order: array (
  'countryCode' => 'CO',
  'createdAt' => '2022-05-21 00:52:33',
  'ip' => '173.252.107.116',
  'landingUrl' => 'http://coa.suganorm.com/?c=ru',
  'name' => '',
  'offerId' => '3473',
  'phone' => '',
  'referrer' => NULL,
  'streamCode' => 'fym9',
  'sub1' => '',
  'sub2' => '',
  'sub3' => '',
  'sub4' => '',
  'userAgent' => 'facebookexternalhit/1.1 (+http://www.facebook.com/externalhit_uatext.php)',
)
Response: array (
  'status' => 'error',
  'code' => 400,
  'message' => 'Заказ некорректен',
  'errors' => 
  array (
    'name' => 
    array (
      0 => 'Необходимо заполнить поле «Name».',
    ),
    'phone' => 
    array (
      0 => 'Необходимо заполнить поле «Phone».',
    ),
  ),
)
#0 {main}